2025-12-17 20:21:15 | INFO | Logging initialized at: ('D:\\Gritstone.Ebantistrack.EbantisV4.EXE\\Ebantis_setup\\dist\\Ebantis_setup_2025-12-17.log',)
2025-12-17 20:21:15 | INFO | Running with administrative privileges.
2025-12-17 20:21:16 | INFO | Starting Ebantis installer/uninstaller process...
2025-12-17 20:21:16 | INFO | Starting installation with tenant name: gritstone technologies
2025-12-17 20:21:16 | INFO | Tenant name 'gritstone technologies' saved successfully to JSON file: C:/ProgramData/EbantisV4\tenant_info\tenant_details.json
2025-12-17 20:21:16 | INFO | Fetching credentials from API: https://ebantistrackapi.metlone.com/api/v1/Connection/GetAllConnections?tenant=gritstone technologies for tenant: gritstone technologies
2025-12-17 20:21:17 | INFO | Connecting to SQLite database at path: C:/ProgramData/EbantisV4\user_collection\Gritlocaladmin\tracking_system.db
2025-12-17 20:21:17 | INFO | API credentials successfully stored in SQLite.
2025-12-17 20:21:17 | INFO | SQLite connection closed.
2025-12-17 20:21:17 | INFO | Credentials successfully decrypted.
2025-12-17 20:21:17 | INFO | MongoDB connection string retrieved successfully.
2025-12-17 20:21:18 | INFO | Tenant ID found for 'gritstone technologies': 12
2025-12-17 20:21:18 | INFO | Installation allowed for tenant 12 (21/200)
2025-12-17 20:21:18 | INFO | Installation allowed. Proceeding to register the agent...
2025-12-17 20:21:18 | INFO | Registering agent at: https://ebantisapiv4.thekosmoz.com/register-agent
2025-12-17 20:21:18 | INFO | Payload being sent: {'machine_id': '4C4C4544-0057-4B10-804E-B7C04F375333', 'hostname': 'GRIT-CLT-LT-254', 'display_name': 'gritlocaladmin', 'email': None, 'upn': '', 'username': 'Gritlocaladmin', 'tenant_name': 'gritstone technologies'}
2025-12-17 20:21:19 | INFO | Register Agent API returned status: 200
2025-12-17 20:21:19 | INFO | Agent registered successfully: {'status': 'ok', 'message': 'Agent registered successfully', 'machine_id': '4C4C4544-0057-4B10-804E-B7C04F375333', 'user_id': '1', 'tenant_id': 12, 'tenant_name': 'gritstone technologies', 'tenant_unique_id': 'c15b98da-d7e3-4dbe-94f5-d802a38a11d1', 'company_unique_id': 'da048c7d-16ac-4dc3-bfb2-2d605eca9946', 'branch_unique_id': '8ef149ad-7c43-4682-a271-a57c78d6a7d0', 'username': 'Gritlocaladmin', 'user_email': None}
2025-12-17 20:21:19 | INFO | Starting installation...
2025-12-17 20:21:19 | INFO | InstallWorker started.
2025-12-17 20:21:19 | INFO | Existing utils path found: C:/Program Files/EbantisV4\data\EbantisV4\utils. Ending running tasks.
2025-12-17 20:21:19 | INFO | EXE files found to terminate: []
2025-12-17 20:21:21 | INFO | Removed: C:/Program Files/EbantisV4\data\EbantisV4\utils
2025-12-17 20:21:21 | INFO | End_task completed successfully.
2025-12-17 20:21:21 | INFO | Removing update directory: C:/Program Files/EbantisV4\data
2025-12-17 20:21:21 | ERROR | Error removing C:/Program Files/EbantisV4\data: [WinError 32] The process cannot access the file because it is being used by another process: 'C:/Program Files/EbantisV4\\data\\EbantisV4\\EbantisTracker_2025-12-17.log'
2025-12-17 20:21:21 | WARNING | Startup file not found: C:\ProgramData\Microsoft\Windows\Start Menu\Programs\StartUp\ebantis.bat
2025-12-17 20:21:21 | INFO | Previous version removed successfully.
2025-12-17 20:21:21 | INFO | Starting download of main and model packages in parallel.
2025-12-17 20:21:21 | INFO | Connected to SQLite database at: C:/ProgramData/EbantisV4\user_collection\Gritlocaladmin\tracking_system.db
2025-12-17 20:21:21 | INFO | Credentials successfully decoded from database.
2025-12-17 20:21:21 | INFO | Fetching latest version details from MongoDB...
2025-12-17 20:21:21 | INFO | Latest Version_Id retrieved: v4.0.0
2025-12-17 20:21:22 | INFO | Installation data upserted for host: GRIT-CLT-LT-254
2025-12-17 20:21:22 | INFO | Starting main package download from API...
2025-12-17 20:21:22 | INFO | File size from API: 31 bytes
2025-12-17 20:21:28 | INFO | Downloaded main package successfully.
2025-12-17 20:21:28 | INFO | Extracting main package from C:/ProgramData/EbantisV4\Ebantisv4.zip to C:/Program Files/EbantisV4\data...
2025-12-17 20:21:28 | ERROR | Error during robust zip extraction to C:/Program Files/EbantisV4\data: [Errno 13] Permission denied: 'C:\\Program Files\\EbantisV4\\data\\EbantisV4\\EbantisV4.exe'
2025-12-17 20:21:28 | ERROR | Main package download/extraction failed: [Errno 13] Permission denied: 'C:\\Program Files\\EbantisV4\\data\\EbantisV4\\EbantisV4.exe'
2025-12-17 20:21:35 | WARNING | Download failed; skipping cleanup.
2025-12-17 20:21:35 | INFO | Main package download/extraction result: False
2025-12-17 20:21:35 | ERROR | One or more package downloads/extractions failed.
2025-12-17 20:23:17 | INFO | Logging initialized at: ('D:\\Gritstone.Ebantistrack.EbantisV4.EXE\\Ebantis_setup\\dist\\Ebantis_setup_2025-12-17.log',)
2025-12-17 20:23:17 | INFO | Running with administrative privileges.
2025-12-17 20:23:17 | INFO | Starting Ebantis installer/uninstaller process...
2025-12-17 20:23:18 | INFO | Starting installation with tenant name: gritstone technologies
2025-12-17 20:23:18 | INFO | Tenant name 'gritstone technologies' saved successfully to JSON file: C:/ProgramData/EbantisV4\tenant_info\tenant_details.json
2025-12-17 20:23:18 | INFO | Fetching credentials from API: https://ebantistrackapi.metlone.com/api/v1/Connection/GetAllConnections?tenant=gritstone technologies for tenant: gritstone technologies
2025-12-17 20:23:18 | INFO | Connecting to SQLite database at path: C:/ProgramData/EbantisV4\user_collection\Gritlocaladmin\tracking_system.db
2025-12-17 20:23:18 | INFO | API credentials successfully stored in SQLite.
2025-12-17 20:23:18 | INFO | SQLite connection closed.
2025-12-17 20:23:18 | INFO | Credentials successfully decrypted.
2025-12-17 20:23:18 | INFO | MongoDB connection string retrieved successfully.
2025-12-17 20:23:19 | INFO | Tenant ID found for 'gritstone technologies': 12
2025-12-17 20:23:20 | INFO | Installation allowed for tenant 12 (21/200)
2025-12-17 20:23:20 | INFO | Installation allowed. Proceeding to register the agent...
2025-12-17 20:23:20 | INFO | Registering agent at: https://ebantisapiv4.thekosmoz.com/register-agent
2025-12-17 20:23:20 | INFO | Payload being sent: {'machine_id': '4C4C4544-0057-4B10-804E-B7C04F375333', 'hostname': 'GRIT-CLT-LT-254', 'display_name': 'gritlocaladmin', 'email': None, 'upn': '', 'username': 'Gritlocaladmin', 'tenant_name': 'gritstone technologies'}
2025-12-17 20:23:20 | INFO | Register Agent API returned status: 200
2025-12-17 20:23:20 | INFO | Agent registered successfully: {'status': 'ok', 'message': 'Agent registered successfully', 'machine_id': '4C4C4544-0057-4B10-804E-B7C04F375333', 'user_id': '1', 'tenant_id': 12, 'tenant_name': 'gritstone technologies', 'tenant_unique_id': 'c15b98da-d7e3-4dbe-94f5-d802a38a11d1', 'company_unique_id': 'da048c7d-16ac-4dc3-bfb2-2d605eca9946', 'branch_unique_id': '8ef149ad-7c43-4682-a271-a57c78d6a7d0', 'username': 'Gritlocaladmin', 'user_email': None}
2025-12-17 20:23:20 | INFO | Starting installation...
2025-12-17 20:23:20 | INFO | InstallWorker started.
2025-12-17 20:23:20 | INFO | Existing utils path found: C:/Program Files/EbantisV4\data\EbantisV4\utils. Ending running tasks.
2025-12-17 20:23:20 | INFO | EXE files found to terminate: []
2025-12-17 20:23:22 | INFO | Removed: C:/Program Files/EbantisV4\data\EbantisV4\utils
2025-12-17 20:23:22 | INFO | End_task completed successfully.
2025-12-17 20:23:22 | INFO | Removing update directory: C:/Program Files/EbantisV4\data
2025-12-17 20:23:22 | INFO | Removed directory: C:/Program Files/EbantisV4\data
2025-12-17 20:23:22 | WARNING | Startup file not found: C:\ProgramData\Microsoft\Windows\Start Menu\Programs\StartUp\ebantis.bat
2025-12-17 20:23:22 | INFO | Previous version removed successfully.
2025-12-17 20:23:22 | INFO | Starting download of main and model packages in parallel.
2025-12-17 20:23:22 | INFO | Connected to SQLite database at: C:/ProgramData/EbantisV4\user_collection\Gritlocaladmin\tracking_system.db
2025-12-17 20:23:22 | INFO | Credentials successfully decoded from database.
2025-12-17 20:23:22 | INFO | Fetching latest version details from MongoDB...
2025-12-17 20:23:23 | INFO | Latest Version_Id retrieved: v4.0.0
2025-12-17 20:23:23 | INFO | Installation data upserted for host: GRIT-CLT-LT-254
2025-12-17 20:23:23 | INFO | Starting main package download from API...
2025-12-17 20:23:24 | INFO | File size from API: 31 bytes
2025-12-17 20:23:27 | INFO | Downloaded main package successfully.
2025-12-17 20:23:27 | INFO | Extracting main package from C:/ProgramData/EbantisV4\Ebantisv4.zip to C:/Program Files/EbantisV4\data...
2025-12-17 20:23:30 | INFO | Zip extracted successfully to: C:/Program Files/EbantisV4\data
2025-12-17 20:23:30 | INFO | Main package extracted successfully.
2025-12-17 20:23:30 | INFO | Fetching latest version details from MongoDB...
2025-12-17 20:23:31 | INFO | Latest Version_Id retrieved: v4.0.0
2025-12-17 20:23:32 | INFO | Installation data upserted for host: GRIT-CLT-LT-254
2025-12-17 20:23:32 | INFO | Removed file: C:/ProgramData/EbantisV4\Ebantisv4.zip
2025-12-17 20:23:32 | INFO | Cleanup successful: C:/ProgramData/EbantisV4\Ebantisv4.zip removed.
2025-12-17 20:23:32 | INFO | Main package download/extraction result: True
2025-12-17 20:23:32 | INFO | Proceeding folder permission updates, and Wazuh installation.
2025-12-17 20:23:32 | INFO | === Autostart Process Started ===
2025-12-17 20:23:32 | INFO | Permissions successfully updated for C:/ProgramData/EbantisV4\user_collection
2025-12-17 20:23:32 | INFO | Permissions successfully updated for C:/Program Files/EbantisV4\data\downloaded_version
2025-12-17 20:23:33 | INFO | Permissions successfully updated for C:/Program Files/EbantisV4\data\EbantisV4
2025-12-17 20:23:57 | INFO | No running EbantisV4.exe found.
2025-12-17 20:23:59 | INFO | Started: C:\Program Files\EbantisV4\data\EbantisV4\EbantisV4.exe
2025-12-17 20:23:59 | INFO | EbantisV4.exe added/updated in Windows Startup.
2025-12-17 20:23:59 | INFO | EbantisV4.exe successfully configured for autostart.
2025-12-17 20:23:59 | INFO | === Autostart Process Finished ===
2025-12-17 20:23:59 | INFO | Wazuh agent installation started.
2025-12-17 20:24:17 | INFO | Service 'WazuhSvc' status: running
2025-12-17 20:24:17 | INFO | OSSEC agent directory found: C:\Program Files (x86)\ossec-agent
2025-12-17 20:24:17 | INFO | Wazuh agent installed and running successfully.
2025-12-17 20:24:17 | INFO | Connected to SQLite database at: C:/ProgramData/EbantisV4\user_collection\Gritlocaladmin\tracking_system.db
2025-12-17 20:24:17 | INFO | Credentials successfully decoded from database.
2025-12-17 20:24:17 | INFO | Tenant ID found for 'gritstone technologies': 12
2025-12-17 20:24:18 | INFO | Fetching latest version details from MongoDB...
2025-12-17 20:24:18 | INFO | Latest Version_Id retrieved: v4.0.0
2025-12-17 20:24:19 | INFO | Installation data upserted for host: GRIT-CLT-LT-254
2025-12-17 20:24:19 | INFO | Updating installed device count for tenant_id: 12
2025-12-17 20:24:19 | INFO | Installed device count incremented successfully for tenant_id: 12
2025-12-17 20:24:19 | INFO | Installed device count update: True, message: Installed device count incremented successfully for tenant_id: 12
2025-12-17 20:24:19 | INFO | Installation completed successfully.
2025-12-17 20:24:41 | WARNING | Path does not exist: C:/Program Files/EbantisV4\data\EbantisV4\utils
2025-12-17 20:24:41 | WARNING | Path does not exist: C:/Program Files/EbantisV4\data\EbantisV4\update
2025-12-17 20:30:25 | INFO | Logging initialized at: ('D:\\Gritstone.Ebantistrack.EbantisV4.EXE\\Ebantis_setup\\dist\\Ebantis_setup_2025-12-17.log',)
2025-12-17 20:30:25 | INFO | Running with administrative privileges.
2025-12-17 20:30:26 | INFO | Starting Ebantis installer/uninstaller process...
2025-12-17 20:30:26 | INFO | Starting installation with tenant name: gritstone technologies
2025-12-17 20:30:26 | INFO | Tenant name 'gritstone technologies' saved successfully to JSON file: C:/ProgramData/EbantisV4\tenant_info\tenant_details.json
2025-12-17 20:30:26 | INFO | Fetching credentials from API: https://ebantistrackapi.metlone.com/api/v1/Connection/GetAllConnections?tenant=gritstone technologies for tenant: gritstone technologies
2025-12-17 20:30:27 | INFO | Connecting to SQLite database at path: C:/ProgramData/EbantisV4\user_collection\Gritlocaladmin\tracking_system.db
2025-12-17 20:30:27 | INFO | API credentials successfully stored in SQLite.
2025-12-17 20:30:27 | INFO | SQLite connection closed.
2025-12-17 20:30:27 | INFO | Credentials successfully decrypted.
2025-12-17 20:30:27 | INFO | MongoDB connection string retrieved successfully.
2025-12-17 20:30:27 | WARNING | No tenant found with name 'gritstone technologies'
2025-12-17 20:30:28 | WARNING | No data found for tenant_id: None
2025-12-17 20:33:48 | INFO | Logging initialized at: ('D:\\Gritstone.Ebantistrack.EbantisV4.EXE\\Ebantis_setup\\dist\\Ebantis_setup_2025-12-17.log',)
2025-12-17 20:33:48 | INFO | Running with administrative privileges.
2025-12-17 20:33:48 | INFO | Starting Ebantis installer/uninstaller process...
2025-12-17 20:33:49 | INFO | Starting installation with tenant name: Deloite Technologies
2025-12-17 20:33:49 | INFO | Tenant name 'Deloite Technologies' saved successfully to JSON file: C:/ProgramData/EbantisV4\tenant_info\tenant_details.json
2025-12-17 20:33:49 | INFO | Fetching credentials from API: https://ebantistrackapi.metlone.com/api/v1/Connection/GetAllConnections?tenant=deloite technologies for tenant: deloite technologies
2025-12-17 20:33:49 | INFO | Connecting to SQLite database at path: C:/ProgramData/EbantisV4\user_collection\Gritlocaladmin\tracking_system.db
2025-12-17 20:33:49 | INFO | API credentials successfully stored in SQLite.
2025-12-17 20:33:49 | INFO | SQLite connection closed.
2025-12-17 20:33:49 | INFO | Credentials successfully decrypted.
2025-12-17 20:33:49 | INFO | MongoDB connection string retrieved successfully.
2025-12-17 20:33:50 | INFO | Tenant ID found for 'Deloite Technologies': 37
2025-12-17 20:33:50 | INFO | Installation allowed for tenant 37 (1/200)
2025-12-17 20:33:50 | INFO | Installation allowed. Proceeding to register the agent...
2025-12-17 20:33:50 | INFO | Registering agent at: https://qaebantisapiv4.thekosmoz.com/register-agent
2025-12-17 20:33:50 | INFO | Payload being sent: {'machine_id': '4C4C4544-0057-4B10-804E-B7C04F375333', 'hostname': 'GRIT-CLT-LT-254', 'display_name': 'gritlocaladmin', 'email': None, 'upn': '', 'username': 'Gritlocaladmin', 'tenant_name': 'Deloite Technologies'}
2025-12-17 20:33:51 | INFO | Register Agent API returned status: 200
2025-12-17 20:33:51 | INFO | Agent registered successfully: {'status': 'ok', 'message': 'Agent registered successfully', 'machine_id': '4C4C4544-0057-4B10-804E-B7C04F375333', 'user_id': '11', 'tenant_id': 37, 'tenant_name': 'Deloite Technologies', 'tenant_unique_id': '1087b659-9eeb-427b-a977-ee3226b0892d', 'company_unique_id': '1c016733-30f6-437c-b45c-b5c51121713a', 'branch_unique_id': 'e912d7fa-29ca-4c0a-a458-f8ae4482d4ae', 'username': 'Gritlocaladmin', 'user_email': None}
2025-12-17 20:33:51 | INFO | Starting installation...
2025-12-17 20:33:51 | INFO | InstallWorker started.
2025-12-17 20:33:51 | INFO | Existing utils path found: C:/Program Files/EbantisV4\data\EbantisV4\utils. Ending running tasks.
2025-12-17 20:33:51 | INFO | EXE files found to terminate: []
2025-12-17 20:33:53 | INFO | Removed: C:/Program Files/EbantisV4\data\EbantisV4\utils
2025-12-17 20:33:53 | INFO | End_task completed successfully.
2025-12-17 20:33:53 | INFO | Removing update directory: C:/Program Files/EbantisV4\data
2025-12-17 20:33:54 | INFO | Removed directory: C:/Program Files/EbantisV4\data
2025-12-17 20:33:54 | WARNING | Startup file not found: C:\ProgramData\Microsoft\Windows\Start Menu\Programs\StartUp\ebantis.bat
2025-12-17 20:33:54 | INFO | Previous version removed successfully.
2025-12-17 20:33:54 | INFO | Starting download of main and model packages in parallel.
2025-12-17 20:33:54 | INFO | Connected to SQLite database at: C:/ProgramData/EbantisV4\user_collection\Gritlocaladmin\tracking_system.db
2025-12-17 20:33:54 | INFO | Credentials successfully decoded from database.
2025-12-17 20:33:54 | INFO | Fetching latest version details from MongoDB...
2025-12-17 20:33:54 | INFO | Latest Version_Id retrieved: v4.0.1
2025-12-17 20:33:55 | INFO | Installation data upserted for host: GRIT-CLT-LT-254
2025-12-17 20:33:55 | INFO | Starting main package download from API...
2025-12-17 20:33:55 | INFO | File size from API: 31 bytes
2025-12-17 20:33:58 | INFO | Downloaded main package successfully.
2025-12-17 20:33:58 | INFO | Extracting main package from C:/ProgramData/EbantisV4\Ebantisv4.zip to C:/Program Files/EbantisV4\data...
2025-12-17 20:34:03 | INFO | Zip extracted successfully to: C:/Program Files/EbantisV4\data
2025-12-17 20:34:03 | INFO | Main package extracted successfully.
2025-12-17 20:34:03 | INFO | Fetching latest version details from MongoDB...
2025-12-17 20:34:04 | INFO | Latest Version_Id retrieved: v4.0.1
2025-12-17 20:34:04 | INFO | Installation data upserted for host: GRIT-CLT-LT-254
2025-12-17 20:34:04 | INFO | Removed file: C:/ProgramData/EbantisV4\Ebantisv4.zip
2025-12-17 20:34:04 | INFO | Cleanup successful: C:/ProgramData/EbantisV4\Ebantisv4.zip removed.
2025-12-17 20:34:04 | INFO | Main package download/extraction result: True
2025-12-17 20:34:04 | INFO | Proceeding folder permission updates, and Wazuh installation.
2025-12-17 20:34:04 | INFO | === Autostart Process Started ===
2025-12-17 20:34:05 | INFO | Permissions successfully updated for C:/Program Files/EbantisV4\data\downloaded_version
2025-12-17 20:34:05 | INFO | Permissions successfully updated for C:/ProgramData/EbantisV4\user_collection
2025-12-17 20:34:05 | INFO | Permissions successfully updated for C:/Program Files/EbantisV4\data\EbantisV4
2025-12-17 20:34:28 | INFO | No running EbantisV4.exe found.
2025-12-17 20:34:30 | INFO | Started: C:\Program Files\EbantisV4\data\EbantisV4\EbantisV4.exe
2025-12-17 20:34:30 | INFO | EbantisV4.exe added/updated in Windows Startup.
2025-12-17 20:34:30 | INFO | EbantisV4.exe successfully configured for autostart.
2025-12-17 20:34:30 | INFO | === Autostart Process Finished ===
2025-12-17 20:34:30 | INFO | Wazuh agent installation started.
2025-12-17 20:34:49 | INFO | Service 'WazuhSvc' status: running
2025-12-17 20:34:49 | INFO | OSSEC agent directory found: C:\Program Files (x86)\ossec-agent
2025-12-17 20:34:49 | INFO | Wazuh agent installed and running successfully.
2025-12-17 20:34:49 | INFO | Connected to SQLite database at: C:/ProgramData/EbantisV4\user_collection\Gritlocaladmin\tracking_system.db
2025-12-17 20:34:49 | INFO | Credentials successfully decoded from database.
2025-12-17 20:34:50 | WARNING | No tenant found with name 'deloite technologies'
2025-12-17 20:34:50 | INFO | Fetching latest version details from MongoDB...
2025-12-17 20:34:51 | INFO | Latest Version_Id retrieved: v4.0.1
2025-12-17 20:34:51 | INFO | Installation data upserted for host: GRIT-CLT-LT-254
2025-12-17 20:34:52 | INFO | Updating installed device count for tenant_id: None
2025-12-17 20:34:52 | WARNING | No matching tenant found for tenant_id: None
2025-12-17 20:34:52 | INFO | Installed device count update: False, message: No matching tenant found for tenant_id: None
2025-12-17 20:34:52 | INFO | Installation completed successfully.
2025-12-17 20:35:10 | WARNING | Path does not exist: C:/Program Files/EbantisV4\data\EbantisV4\utils
2025-12-17 20:35:10 | WARNING | Path does not exist: C:/Program Files/EbantisV4\data\EbantisV4\update
2025-12-17 20:45:04 | INFO | Logging initialized at: ('D:\\Gritstone.Ebantistrack.EbantisV4.EXE\\Ebantis_setup\\dist\\Ebantis_setup_2025-12-17.log',)
2025-12-17 20:45:04 | INFO | Running with administrative privileges.
2025-12-17 20:45:05 | INFO | Starting Ebantis installer/uninstaller process...
2025-12-17 20:45:05 | INFO | Starting installation with tenant name: Deloite Technologies
2025-12-17 20:45:05 | INFO | Tenant name 'Deloite Technologies' saved successfully to JSON file: C:/ProgramData/EbantisV4\tenant_info\tenant_details.json
2025-12-17 20:45:05 | INFO | Fetching credentials from API: https://ebantistrackapi.metlone.com/api/v1/Connection/GetAllConnections?tenant=deloite technologies for tenant: deloite technologies
2025-12-17 20:45:06 | INFO | Connecting to SQLite database at path: C:/ProgramData/EbantisV4\user_collection\Gritlocaladmin\tracking_system.db
2025-12-17 20:45:06 | INFO | API credentials successfully stored in SQLite.
2025-12-17 20:45:06 | INFO | SQLite connection closed.
2025-12-17 20:45:06 | INFO | Credentials successfully decrypted.
2025-12-17 20:45:06 | INFO | MongoDB connection string retrieved successfully.
2025-12-17 20:45:07 | INFO | Tenant ID found for 'Deloite Technologies': 37
2025-12-17 20:45:07 | INFO | Installation allowed for tenant 37 (1/200)
2025-12-17 20:45:07 | INFO | Installation allowed. Proceeding to register the agent...
2025-12-17 20:45:07 | INFO | Registering agent at: https://qaebantisapiv4.thekosmoz.com/register-agent
2025-12-17 20:45:07 | INFO | Payload being sent: {'machine_id': '4C4C4544-0057-4B10-804E-B7C04F375333', 'hostname': 'GRIT-CLT-LT-254', 'display_name': 'gritlocaladmin', 'email': None, 'upn': '', 'username': 'Gritlocaladmin', 'tenant_name': 'Deloite Technologies'}
2025-12-17 20:45:08 | INFO | Register Agent API returned status: 200
2025-12-17 20:45:08 | INFO | Agent registered successfully: {'status': 'ok', 'message': 'Agent registered successfully', 'machine_id': '4C4C4544-0057-4B10-804E-B7C04F375333', 'user_id': '14', 'tenant_id': 37, 'tenant_name': 'Deloite Technologies', 'tenant_unique_id': '1087b659-9eeb-427b-a977-ee3226b0892d', 'company_unique_id': '1c016733-30f6-437c-b45c-b5c51121713a', 'branch_unique_id': 'e912d7fa-29ca-4c0a-a458-f8ae4482d4ae', 'username': 'Gritlocaladmin', 'user_email': None}
2025-12-17 20:45:08 | INFO | Starting installation...
2025-12-17 20:45:08 | INFO | InstallWorker started.
2025-12-17 20:45:08 | INFO | Existing utils path found: C:/Program Files/EbantisV4\data\EbantisV4\utils. Ending running tasks.
2025-12-17 20:45:08 | INFO | EXE files found to terminate: []
2025-12-17 20:45:10 | INFO | Removed: C:/Program Files/EbantisV4\data\EbantisV4\utils
2025-12-17 20:45:10 | INFO | End_task completed successfully.
2025-12-17 20:45:10 | INFO | Removing update directory: C:/Program Files/EbantisV4\data
2025-12-17 20:45:11 | INFO | Removed directory: C:/Program Files/EbantisV4\data
2025-12-17 20:45:11 | WARNING | Startup file not found: C:\ProgramData\Microsoft\Windows\Start Menu\Programs\StartUp\ebantis.bat
2025-12-17 20:45:11 | INFO | Previous version removed successfully.
2025-12-17 20:45:11 | INFO | Starting download of main and model packages in parallel.
2025-12-17 20:45:11 | INFO | Connected to SQLite database at: C:/ProgramData/EbantisV4\user_collection\Gritlocaladmin\tracking_system.db
2025-12-17 20:45:11 | INFO | Credentials successfully decoded from database.
2025-12-17 20:45:11 | INFO | Fetching latest version details from MongoDB...
2025-12-17 20:45:11 | INFO | Latest Version_Id retrieved: v4.0.1
2025-12-17 20:45:12 | INFO | Installation data upserted for host: GRIT-CLT-LT-254
2025-12-17 20:45:12 | INFO | Starting main package download from API...
2025-12-17 20:45:12 | INFO | File size from API: 31 bytes
2025-12-17 20:45:18 | INFO | Downloaded main package successfully.
2025-12-17 20:45:18 | INFO | Extracting main package from C:/ProgramData/EbantisV4\Ebantisv4.zip to C:/Program Files/EbantisV4\data...
2025-12-17 20:45:20 | INFO | Zip extracted successfully to: C:/Program Files/EbantisV4\data
2025-12-17 20:45:20 | INFO | Main package extracted successfully.
2025-12-17 20:45:20 | INFO | Fetching latest version details from MongoDB...
2025-12-17 20:45:20 | INFO | Latest Version_Id retrieved: v4.0.1
2025-12-17 20:45:21 | INFO | Installation data upserted for host: GRIT-CLT-LT-254
2025-12-17 20:45:21 | INFO | Removed file: C:/ProgramData/EbantisV4\Ebantisv4.zip
2025-12-17 20:45:21 | INFO | Cleanup successful: C:/ProgramData/EbantisV4\Ebantisv4.zip removed.
2025-12-17 20:45:21 | INFO | Main package download/extraction result: True
2025-12-17 20:45:21 | INFO | Proceeding folder permission updates, and Wazuh installation.
2025-12-17 20:45:21 | INFO | === Autostart Process Started ===
2025-12-17 20:45:21 | INFO | Permissions successfully updated for C:/Program Files/EbantisV4\data\downloaded_version
2025-12-17 20:45:21 | INFO | Permissions successfully updated for C:/ProgramData/EbantisV4\user_collection
2025-12-17 20:45:22 | INFO | Permissions successfully updated for C:/Program Files/EbantisV4\data\EbantisV4
2025-12-17 20:45:31 | INFO | No running EbantisV4.exe found.
2025-12-17 20:45:33 | INFO | Started: C:\Program Files\EbantisV4\data\EbantisV4\EbantisV4.exe
2025-12-17 20:45:33 | INFO | EbantisV4.exe added/updated in Windows Startup.
2025-12-17 20:45:33 | INFO | EbantisV4.exe successfully configured for autostart.
2025-12-17 20:45:33 | INFO | === Autostart Process Finished ===
2025-12-17 20:45:33 | INFO | Wazuh agent installation started.
2025-12-17 20:45:51 | INFO | Service 'WazuhSvc' status: running
2025-12-17 20:45:51 | INFO | OSSEC agent directory found: C:\Program Files (x86)\ossec-agent
2025-12-17 20:45:51 | INFO | Wazuh agent installed and running successfully.
2025-12-17 20:45:51 | INFO | Connected to SQLite database at: C:/ProgramData/EbantisV4\user_collection\Gritlocaladmin\tracking_system.db
2025-12-17 20:45:51 | INFO | Credentials successfully decoded from database.
2025-12-17 20:45:52 | WARNING | No tenant found with name 'deloite technologies'
2025-12-17 20:45:52 | INFO | Fetching latest version details from MongoDB...
2025-12-17 20:45:52 | INFO | Latest Version_Id retrieved: v4.0.1
2025-12-17 20:45:53 | INFO | Installation data upserted for host: GRIT-CLT-LT-254
2025-12-17 20:45:53 | INFO | Updating installed device count for tenant_id: None
2025-12-17 20:45:54 | WARNING | No matching tenant found for tenant_id: None
2025-12-17 20:45:54 | INFO | Installed device count update: False, message: No matching tenant found for tenant_id: None
2025-12-17 20:45:54 | INFO | Installation completed successfully.
2025-12-17 20:45:57 | WARNING | Path does not exist: C:/Program Files/EbantisV4\data\EbantisV4\utils
2025-12-17 20:45:57 | WARNING | Path does not exist: C:/Program Files/EbantisV4\data\EbantisV4\update
2025-12-17 20:48:31 | INFO | Logging initialized at: ('D:\\Gritstone.Ebantistrack.EbantisV4.EXE\\Ebantis_setup\\dist\\Ebantis_setup_2025-12-17.log',)
2025-12-17 20:48:31 | INFO | Running with administrative privileges.
2025-12-17 20:48:32 | INFO | Starting Ebantis installer/uninstaller process...
2025-12-17 20:48:33 | INFO | Starting installation with tenant name: Deloite Technologies
2025-12-17 20:48:33 | INFO | Tenant name 'Deloite Technologies' saved successfully to JSON file: C:/ProgramData/EbantisV4\tenant_info\tenant_details.json
2025-12-17 20:48:33 | INFO | Fetching credentials from API: https://ebantistrackapi.metlone.com/api/v1/Connection/GetAllConnections?tenant=deloite technologies for tenant: deloite technologies
2025-12-17 20:48:33 | INFO | Connecting to SQLite database at path: C:/ProgramData/EbantisV4\user_collection\Gritlocaladmin\tracking_system.db
2025-12-17 20:48:33 | INFO | API credentials successfully stored in SQLite.
2025-12-17 20:48:33 | INFO | SQLite connection closed.
2025-12-17 20:48:33 | INFO | Credentials successfully decrypted.
2025-12-17 20:48:33 | INFO | MongoDB connection string retrieved successfully.
2025-12-17 20:48:34 | INFO | Tenant ID found for 'Deloite Technologies': 37
2025-12-17 20:48:34 | INFO | Installation allowed for tenant 37 (1/200)
2025-12-17 20:48:34 | INFO | Installation allowed. Proceeding to register the agent...
2025-12-17 20:48:34 | INFO | Registering agent at: https://qaebantisapiv4.thekosmoz.com/register-agent
2025-12-17 20:48:34 | INFO | Payload being sent: {'machine_id': '4C4C4544-0057-4B10-804E-B7C04F375333', 'hostname': 'GRIT-CLT-LT-254', 'display_name': 'gritlocaladmin', 'email': None, 'upn': '', 'username': 'Gritlocaladmin', 'tenant_name': 'Deloite Technologies'}
2025-12-17 20:48:35 | INFO | Register Agent API returned status: 200
2025-12-17 20:48:35 | INFO | Agent registered successfully: {'status': 'ok', 'message': 'Agent registered successfully', 'machine_id': '4C4C4544-0057-4B10-804E-B7C04F375333', 'user_id': '15', 'tenant_id': 37, 'tenant_name': 'Deloite Technologies', 'tenant_unique_id': '1087b659-9eeb-427b-a977-ee3226b0892d', 'company_unique_id': '1c016733-30f6-437c-b45c-b5c51121713a', 'branch_unique_id': 'e912d7fa-29ca-4c0a-a458-f8ae4482d4ae', 'username': 'Gritlocaladmin', 'user_email': None}
2025-12-17 20:48:35 | INFO | Starting installation...
2025-12-17 20:48:35 | INFO | InstallWorker started.
2025-12-17 20:48:35 | INFO | Existing utils path found: C:/Program Files/EbantisV4\data\EbantisV4\utils. Ending running tasks.
2025-12-17 20:48:35 | INFO | EXE files found to terminate: []
2025-12-17 20:48:37 | INFO | Removed: C:/Program Files/EbantisV4\data\EbantisV4\utils
2025-12-17 20:48:37 | INFO | End_task completed successfully.
2025-12-17 20:48:37 | INFO | Removing update directory: C:/Program Files/EbantisV4\data
2025-12-17 20:48:38 | INFO | Removed directory: C:/Program Files/EbantisV4\data
2025-12-17 20:48:38 | WARNING | Startup file not found: C:\ProgramData\Microsoft\Windows\Start Menu\Programs\StartUp\ebantis.bat
2025-12-17 20:48:38 | INFO | Previous version removed successfully.
2025-12-17 20:48:38 | INFO | Starting download of main and model packages in parallel.
2025-12-17 20:48:38 | INFO | Connected to SQLite database at: C:/ProgramData/EbantisV4\user_collection\Gritlocaladmin\tracking_system.db
2025-12-17 20:48:38 | INFO | Credentials successfully decoded from database.
2025-12-17 20:48:38 | INFO | Fetching latest version details from MongoDB...
2025-12-17 20:48:38 | INFO | Latest Version_Id retrieved: v4.0.1
2025-12-17 20:48:39 | INFO | Installation data upserted for host: GRIT-CLT-LT-254
2025-12-17 20:48:39 | INFO | Starting main package download from API...
2025-12-17 20:48:40 | INFO | File size from API: 31 bytes
2025-12-17 20:48:54 | INFO | Downloaded main package successfully.
2025-12-17 20:48:54 | INFO | Extracting main package from C:/ProgramData/EbantisV4\Ebantisv4.zip to C:/Program Files/EbantisV4\data...
2025-12-17 20:48:57 | INFO | Zip extracted successfully to: C:/Program Files/EbantisV4\data
2025-12-17 20:48:57 | INFO | Main package extracted successfully.
2025-12-17 20:48:57 | INFO | Fetching latest version details from MongoDB...
2025-12-17 20:48:58 | INFO | Latest Version_Id retrieved: v4.0.1
2025-12-17 20:48:59 | INFO | Installation data upserted for host: GRIT-CLT-LT-254
2025-12-17 20:48:59 | INFO | Removed file: C:/ProgramData/EbantisV4\Ebantisv4.zip
2025-12-17 20:48:59 | INFO | Cleanup successful: C:/ProgramData/EbantisV4\Ebantisv4.zip removed.
2025-12-17 20:48:59 | INFO | Main package download/extraction result: True
2025-12-17 20:48:59 | INFO | Proceeding folder permission updates, and Wazuh installation.
2025-12-17 20:48:59 | INFO | === Autostart Process Started ===
2025-12-17 20:48:59 | INFO | Permissions successfully updated for C:/ProgramData/EbantisV4\user_collection
2025-12-17 20:48:59 | INFO | Permissions successfully updated for C:/Program Files/EbantisV4\data\downloaded_version
2025-12-17 20:48:59 | INFO | Permissions successfully updated for C:/Program Files/EbantisV4\data\EbantisV4
2025-12-17 20:49:20 | INFO | No running EbantisV4.exe found.
2025-12-17 20:49:22 | INFO | Started: C:\Program Files\EbantisV4\data\EbantisV4\EbantisV4.exe
2025-12-17 20:49:22 | INFO | EbantisV4.exe added/updated in Windows Startup.
2025-12-17 20:49:22 | INFO | EbantisV4.exe successfully configured for autostart.
2025-12-17 20:49:22 | INFO | === Autostart Process Finished ===
2025-12-17 20:49:22 | INFO | Wazuh agent installation started.
2025-12-17 20:50:24 | INFO | Service 'WazuhSvc' status: running
2025-12-17 20:50:24 | INFO | OSSEC agent directory found: C:\Program Files (x86)\ossec-agent
2025-12-17 20:50:24 | INFO | Wazuh agent installed and running successfully.
2025-12-17 20:50:24 | INFO | Connected to SQLite database at: C:/ProgramData/EbantisV4\user_collection\Gritlocaladmin\tracking_system.db
2025-12-17 20:50:24 | INFO | Credentials successfully decoded from database.
2025-12-17 20:50:25 | WARNING | No tenant found with name 'deloite technologies'
2025-12-17 20:50:25 | INFO | Fetching latest version details from MongoDB...
2025-12-17 20:50:25 | INFO | Latest Version_Id retrieved: v4.0.1
2025-12-17 20:50:26 | INFO | Installation data upserted for host: GRIT-CLT-LT-254
2025-12-17 20:50:26 | INFO | Updating installed device count for tenant_id: None
2025-12-17 20:50:26 | WARNING | No matching tenant found for tenant_id: None
2025-12-17 20:50:26 | INFO | Installed device count update: False, message: No matching tenant found for tenant_id: None
2025-12-17 20:50:26 | INFO | Installation completed successfully.
2025-12-17 20:51:40 | WARNING | Path does not exist: C:/Program Files/EbantisV4\data\EbantisV4\utils
2025-12-17 20:51:40 | WARNING | Path does not exist: C:/Program Files/EbantisV4\data\EbantisV4\update
